Performing C SOURCE FILE Test CMAKE_HAVE_LIBC_PTHREAD failed with the following output:
Change Dir: /home/aspgems/Proyectos/traktor-kontrol-s4-mk1-driver-linux/cmake-build-debug/CMakeFiles/CMakeTmp

Run Build Command(s):/home/aspgems/.local/share/JetBrains/Toolbox/apps/CLion/ch-0/222.4345.21/bin/ninja/linux/ninja cmTC_d7130 && [1/2] Building C object CMakeFiles/cmTC_d7130.dir/src.c.o
[2/2] Linking C executable cmTC_d7130
[31mFAILED: [0mcmTC_d7130 
: && /usr/bin/cc   CMakeFiles/cmTC_d7130.dir/src.c.o -o cmTC_d7130   && :
/usr/bin/ld: CMakeFiles/cmTC_d7130.dir/src.c.o: en la funci√≥n `main':
src.c:(.text+0x46): referencia a `pthread_create' sin definir
/usr/bin/ld: src.c:(.text+0x52): referencia a `pthread_detach' sin definir
/usr/bin/ld: src.c:(.text+0x5e): referencia a `pthread_cancel' sin definir
/usr/bin/ld: src.c:(.text+0x6f): referencia a `pthread_join' sin definir
collect2: error: ld returned 1 exit status
ninja: build stopped: subcommand failed.


Source file was:
#include <pthread.h>

static void* test_func(void* data)
{
  return data;
}

int main(void)
{
  pthread_t thread;
  pthread_create(&thread, NULL, test_func, NULL);
  pthread_detach(thread);
  pthread_cancel(thread);
  pthread_join(thread, NULL);
  pthread_atfork(NULL, NULL, NULL);
  pthread_exit(NULL);

  return 0;
}

Determining if the function pthread_create exists in the pthreads failed with the following output:
Change Dir: /home/aspgems/Proyectos/traktor-kontrol-s4-mk1-driver-linux/cmake-build-debug/CMakeFiles/CMakeTmp

Run Build Command(s):/home/aspgems/.local/share/JetBrains/Toolbox/apps/CLion/ch-0/222.4345.21/bin/ninja/linux/ninja cmTC_78b8d && [1/2] Building C object CMakeFiles/cmTC_78b8d.dir/CheckFunctionExists.c.o
[2/2] Linking C executable cmTC_78b8d
[31mFAILED: [0mcmTC_78b8d 
: && /usr/bin/cc -DCHECK_FUNCTION_EXISTS=pthread_create  CMakeFiles/cmTC_78b8d.dir/CheckFunctionExists.c.o -o cmTC_78b8d  -lpthreads && :
/usr/bin/ld: no se puede encontrar -lpthreads
collect2: error: ld returned 1 exit status
ninja: build stopped: subcommand failed.



